<?xml version="1.0" encoding="UTF-8"?>
<!-- Generated by org.testng.reporters.JUnitReportReporter -->
<testsuite hostname="DESKTOP-T1HO9OQ" failures="0" tests="2" name="runners.MainRunner" time="54.792" errors="0" timestamp="2 Apr 2020 20:58:58 GMT">
  <testcase classname="runners.MainRunner" name="feature" time="25.788"/>
  <testcase classname="runners.MainRunner" name="feature" time="29.004"/>
</testsuite> <!-- runners.MainRunner -->
